<?xml version="1.0" encoding="UTF-8"?>
<testsuite xmlns:xsi="http://www.w3.org/2001/XMLSchema-instance" xsi:noNamespaceSchemaLocation="https://maven.apache.org/surefire/maven-surefire-plugin/xsd/surefire-test-report.xsd" name="PokerLogicTest" time="0.092" tests="5" errors="0" skipped="0" failures="0">
  <properties>
[...]
</properties>
  <testcase name="startGameTest" classname="PokerLogicTest" time="0.04"/>
  <testcase name="calculatePPTest" classname="PokerLogicTest" time="0.003"/>
  <testcase name="evalHandTest" classname="PokerLogicTest" time="0.002"/>
  <testcase name="dealHandsTest" classname="PokerLogicTest" time="0.002"/>
  <testcase name="compHandsTest" classname="PokerLogicTest" time="0.003"/>
</testsuite>